This is e-pTeX, Version 3.14159265-p3.8.1-180226-2.6 (utf8.euc) (TeX Live 2018) (preloaded format=platex 2018.5.15)  17 MAY 2018 15:11
entering extended mode
 restricted \write18 enabled.
 %&-line parsing enabled.
**tex-template.tex
(./tex-template.tex
pLaTeX2e <2018-04-01>+2 (based on LaTeX2e <2018-04-01> patch level 4)
(/usr/local/texlive/2018/texmf-dist/tex/platex/jsclasses/jsarticle.cls
Document Class: jsarticle 2018/03/11 jsclasses (okumura, texjporg)
\jsc@mpt=\dimen118
\jsc@mmm=\dimen119
\jsc@smallskipamount=\skip41
LaTeX Info: Redefining \rmfamily on input line 466.
LaTeX Info: Redefining \sffamily on input line 469.
LaTeX Info: Redefining \ttfamily on input line 472.
LaTeX Info: Redefining \textmc on input line 476.
LaTeX Info: Redefining \textgt on input line 478.
\symmincho=\mathgroup4
LaTeX Font Info:    Overwriting symbol font `mincho' in version `bold'
(Font)                  JY1/mc/m/n --> JY1/gt/m/n on input line 540.
LaTeX Font Info:    Font shape `JT1/mc/m/n' will be
(Font)              scaled to size 9.60999pt on input line 731.
LaTeX Font Info:    Font shape `JY1/mc/m/n' will be
(Font)              scaled to size 9.60999pt on input line 731.
\fullwidth=\dimen120
LaTeX Font Info:    Font shape `JT1/mc/m/n' will be
(Font)              scaled to size 7.68799pt on input line 884.
LaTeX Font Info:    Font shape `JY1/mc/m/n' will be
(Font)              scaled to size 7.68799pt on input line 884.
\c@part=\count83
\c@section=\count84
\c@subsection=\count85
\c@subsubsection=\count86
\c@paragraph=\count87
\c@subparagraph=\count88
\@abstractbox=\box42
\c@figure=\count89
\c@table=\count90
\abovecaptionskip=\skip42
\belowcaptionskip=\skip43
\jsc@tocl@width=\dimen121
\@lnumwidth=\dimen122
\bibindent=\dimen123
(/usr/local/texlive/2018/texmf-dist/tex/platex/jsclasses/jslogo.sty
Package: jslogo 2017/02/24 okumura, texjporg
LaTeX Info: Redefining \TeX on input line 94.
LaTeX Info: Redefining \LaTeX on input line 147.
LaTeX Info: Redefining \LaTeXe on input line 200.
)
\heisei=\count91
)
LaTeX Font Info:    Font shape `JT1/mc/m/n' will be
(Font)              scaled to size 11.53198pt on input line 4.
LaTeX Font Info:    Font shape `JY1/mc/m/n' will be
(Font)              scaled to size 11.53198pt on input line 4.


! LaTeX Error: Missing \begin{document}.

See the LaTeX manual or LaTeX Companion for explanation.
Type  H <return>  for immediate help.
 ...                                              
                                                  
l.4 {\large \}
              
? 
! Emergency stop.
 ...                                              
                                                  
l.4 {\large \}
              
You're in trouble here.  Try typing  <return>  to proceed.
If that doesn't work, type  X <return>  to quit.

 
Here is how much of TeX's memory you used:
 420 strings out of 493279
 4557 string characters out of 6145021
 67704 words of memory out of 5000000
 4436 multiletter control sequences out of 15000+600000
 8951 words of font info for 39 fonts, out of 8000000 for 9000
 934 hyphenation exceptions out of 8191
 23i,0n,20p,165b,102s stack positions out of 5000i,500n,10000p,200000b,80000s
No pages of output.
l.4 {\large \itshape t
                      itle}
You're in trouble here.  Try typing  <return>  to proceed.
If that doesn't work, type  X <return>  to quit.

 
Here is how much of TeX's memory you used:
 423 strings out of 493279
 4588 string characters out of 6145021
 67704 words of memory out of 5000000
 4438 multiletter control sequences out of 15000+600000
 9298 words of font info for 40 fonts, out of 8000000 for 9000
 934 hyphenation exceptions out of 8191
 23i,0n,20p,165b,143s stack positions out of 5000i,500n,10000p,200000b,80000s
No pages of output.
ut.
